# JRE version: OpenJDK Runtime Environment (24.0+36) (build 24+36-3646)
# Java VM: OpenJDK 64-Bit Server VM (24+36-3646, mixed mode, sharing, tiered, compressed oops, compressed class ptrs, g1 gc, windows-amd64)
GC Precious Log:
 CardTable entry size: 512
 Card Set container configuration: InlinePtr #cards 4 size 8 Array Of Cards #cards 32 size 80 Howl #buckets 8 coarsen threshold 7372 Howl Bitmap #cards 1024 size 144 coarsen threshold 921 Card regions per heap region 1 cards per card region 8192
 CPUs: 12 total, 12 available
 Memory: 23749M
 Large Page Support: Disabled
 NUMA Support: Disabled
 Compressed Oops: Enabled (Zero based)
 Heap Region Size: 4M
 Heap Min Capacity: 8M
 Heap Initial Capacity: 372M
 Heap Max Capacity: 5940M
 Pre-touch: Disabled
 Parallel Workers: 10
 Concurrent Workers: 3
 Concurrent Refinement Workers: 10
 Periodic GC: Disabled
Heap:
 garbage-first heap   total reserved 6082560K, committed 86016K, used 52051K [0x000000068cc00000, 0x0000000800000000)
  region size 4096K, 8 young (32768K), 2 survivors (8192K)
 Metaspace       used 28218K, committed 28544K, reserved 1114112K
  class space    used 3394K, committed 3520K, reserved 1048576K
GC Heap History (10 events):
Event: 1.063 GC heap before
{Heap before GC invocations=0 (full 0):
 garbage-first heap   total reserved 6082560K, committed 385024K, used 50288K [0x000000068cc00000, 0x0000000800000000)
  region size 4096K, 12 young (49152K), 0 survivors (0K)
 Metaspace       used 9646K, committed 9856K, reserved 1114112K
  class space    used 850K, committed 960K, reserved 1048576K
}
Event: 1.074 GC heap after
{Heap after GC invocations=1 (full 0):
 garbage-first heap   total reserved 6082560K, committed 385024K, used 7490K [0x000000068cc00000, 0x0000000800000000)
  region size 4096K, 2 young (8192K), 2 survivors (8192K)
 Metaspace       used 9646K, committed 9856K, reserved 1114112K
  class space    used 850K, committed 960K, reserved 1048576K
}
Event: 2.019 GC heap before
{Heap before GC invocations=1 (full 0):
 garbage-first heap   total reserved 6082560K, committed 385024K, used 60738K [0x000000068cc00000, 0x0000000800000000)
  region size 4096K, 16 young (65536K), 2 survivors (8192K)
 Metaspace       used 21159K, committed 21504K, reserved 1114112K
  class space    used 2503K, committed 2688K, reserved 1048576K
}
Event: 2.025 GC heap after
{Heap after GC invocations=2 (full 0):
 garbage-first heap   total reserved 6082560K, committed 385024K, used 12883K [0x000000068cc00000, 0x0000000800000000)
  region size 4096K, 3 young (12288K), 3 survivors (12288K)
 Metaspace       used 21159K, committed 21504K, reserved 1114112K
  class space    used 2503K, committed 2688K, reserved 1048576K
}
Event: 2.496 GC heap before
{Heap before GC invocations=3 (full 0):
 garbage-first heap   total reserved 6082560K, committed 57344K, used 49747K [0x000000068cc00000, 0x0000000800000000)
  region size 4096K, 13 young (53248K), 3 survivors (12288K)
 Metaspace       used 24566K, committed 24896K, reserved 1114112K
  class space    used 3143K, committed 3264K, reserved 1048576K
}
Event: 2.509 GC heap after
{Heap after GC invocations=4 (full 0):
 garbage-first heap   total reserved 6082560K, committed 81920K, used 22066K [0x000000068cc00000, 0x0000000800000000)
  region size 4096K, 6 young (24576K), 6 survivors (24576K)
 Metaspace       used 24566K, committed 24896K, reserved 1114112K
  class space    used 3143K, committed 3264K, reserved 1048576K
}
Event: 2.817 GC heap before
{Heap before GC invocations=4 (full 0):
 garbage-first heap   total reserved 6082560K, committed 81920K, used 46642K [0x000000068cc00000, 0x0000000800000000)
  region size 4096K, 12 young (49152K), 6 survivors (24576K)
 Metaspace       used 26016K, committed 26368K, reserved 1114112K
  class space    used 3273K, committed 3392K, reserved 1048576K
}
Event: 2.829 GC heap after
{Heap after GC invocations=5 (full 0):
 garbage-first heap   total reserved 6082560K, committed 86016K, used 27018K [0x000000068cc00000, 0x0000000800000000)
  region size 4096K, 2 young (8192K), 2 survivors (8192K)
 Metaspace       used 26016K, committed 26368K, reserved 1114112K
  class space    used 3273K, committed 3392K, reserved 1048576K
}
Event: 51.151 GC heap before
{Heap before GC invocations=5 (full 0):
 garbage-first heap   total reserved 6082560K, committed 86016K, used 51594K [0x000000068cc00000, 0x0000000800000000)
  region size 4096K, 9 young (36864K), 2 survivors (8192K)
 Metaspace       used 27976K, committed 28288K, reserved 1114112K
  class space    used 3390K, committed 3520K, reserved 1048576K
}
Event: 51.159 GC heap after
{Heap after GC invocations=6 (full 0):
 garbage-first heap   total reserved 6082560K, committed 86016K, used 31571K [0x000000068cc00000, 0x0000000800000000)
  region size 4096K, 2 young (8192K), 2 survivors (8192K)
 Metaspace       used 27976K, committed 28288K, reserved 1114112K
  class space    used 3390K, committed 3520K, reserved 1048576K
}

